app/build/intermediates/manifest_merge_blame_file/debug/manifest-merger-blame-debug-report.txt
1<?xml version="1.0" encoding="utf-8"?>
2<manifest xmlns:android="http://schemas.android.com/apk/res/android"
3    package="com.android.example.camera2.basic"
4    android:versionCode="1"
5    android:versionName="1.0.0" >
6
7    <uses-sdk
8        android:minSdkVersion="21"
8-->src/main/AndroidManifest.xml
9        android:targetSdkVersion="29" />
9-->src/main/AndroidManifest.xml
10
11    <!-- Permission declarations -->
12    <uses-permission android:name="android.permission.CAMERA" />
12-->src/main/AndroidManifest.xml:8:5-65
12-->src/main/AndroidManifest.xml:8:22-62
13
14    <!-- A camera with (optional) RAW capability is required to use this application -->
15    <uses-feature android:name="android.hardware.camera.any" />
15-->src/main/AndroidManifest.xml:11:5-64
15-->src/main/AndroidManifest.xml:11:19-61
16    <uses-feature
16-->src/main/AndroidManifest.xml:12:5-89
17        android:name="android.hardware.camera.raw"
17-->src/main/AndroidManifest.xml:12:19-61
18        android:required="false" />
18-->src/main/AndroidManifest.xml:12:62-86
19
20    <application
20-->src/main/AndroidManifest.xml:14:5-42:19
21        android:allowBackup="true"
21-->src/main/AndroidManifest.xml:15:9-35
22        android:appComponentFactory="androidx.core.app.CoreComponentFactory"
22-->[androidx.core:core:1.3.2] AndroidManifest.xml:24:18-86
23        android:debuggable="true"
24        android:fullBackupContent="true"
24-->src/main/AndroidManifest.xml:16:9-41
25        android:icon="@drawable/ic_launcher"
25-->src/main/AndroidManifest.xml:18:9-45
26        android:label="@string/app_name"
26-->src/main/AndroidManifest.xml:17:9-41
27        android:testOnly="true" >
28        <activity
28-->src/main/AndroidManifest.xml:21:9-32:20
29            android:name="com.example.android.camera2.basic.CameraActivity"
29-->src/main/AndroidManifest.xml:22:13-76
30            android:clearTaskOnLaunch="true"
30-->src/main/AndroidManifest.xml:23:13-45
31            android:theme="@style/AppTheme" >
31-->src/main/AndroidManifest.xml:24:13-44
32
33            <!-- Main app intent filter -->
34            <intent-filter>
34-->src/main/AndroidManifest.xml:27:13-30:29
35                <action android:name="android.intent.action.MAIN" />
35-->src/main/AndroidManifest.xml:28:17-69
35-->src/main/AndroidManifest.xml:28:25-66
36
37                <category android:name="android.intent.category.LAUNCHER" />
37-->src/main/AndroidManifest.xml:29:17-77
37-->src/main/AndroidManifest.xml:29:27-74
38            </intent-filter>
39        </activity>
40
41        <provider
41-->src/main/AndroidManifest.xml:33:9-41:20
42            android:name="androidx.core.content.FileProvider"
42-->src/main/AndroidManifest.xml:35:13-62
43            android:authorities="com.example.android.camera2.basic.fileprovider"
43-->src/main/AndroidManifest.xml:34:13-81
44            android:exported="false"
44-->src/main/AndroidManifest.xml:37:13-37
45            android:grantUriPermissions="true" >
45-->src/main/AndroidManifest.xml:36:13-47
46            <meta-data
46-->src/main/AndroidManifest.xml:38:13-40:57
47                android:name="android.support.FILE_PROVIDER_PATHS"
47-->src/main/AndroidManifest.xml:39:17-67
48                android:resource="@xml/provider_paths" />
48-->src/main/AndroidManifest.xml:40:17-55
49        </provider>
50    </application>
51
52</manifest>